accountkit.com
api.whatsapp.com
api.whatsapp.net
c.whatsapp.net
cdn.instagram.com
cdn.whatsapp.net
cdninstagram.com
chat.cdn.whatsapp.net
circlecrewpinkcrowd.com
connect.facebook.net
dit.whatsapp.net
e.whatsapp.net
edge-chat.facebook.com
edge-mqtt.facebook.com
external.xx.fbcdn.net
facebook.com
facebook.net
fb.com
fb.me
fbcdn.com
fbcdn.net
fbsbx.com
g.whatsapp.net
graph.facebook.com
graph.whatsapp.com
graph.whatsapp.net
ig.me
instagram.com
internalfb.com
lookaside.facebook.com
m.facebook.com
media.whatsapp.net
messenger.com
meta.com
mmg.whatsapp.net
mmx-ds.cdn.whatsapp.net
mqtt.facebook.com
oculus.com
pps.whatsapp.net
scontent.xx.fbcdn.net
static.whatsapp.net
threads.net
v.whatsapp.net
wa.me
web.whatsapp.com
whatsapp-plus.info
whatsapp-plus.me
whatsapp-plus.net
whatsapp.biz
whatsapp.cc
whatsapp.com
whatsapp.info
whatsapp.net
whatsapp.org
whatsapp.tv
whatsappbrand.com
z-m-gateway.facebook.com